Log file open, 03/15/21 20:58:30
LogInit: Display: Running engine for game: HRI_SIM
LogPlatformFile: Not using cached read wrapper
LogTaskGraph: Started task graph with 5 named threads and 47 total threads with 3 sets of task threads.
LogStats: Stats thread started at 0.149716
LogD3D11RHI: Loaded GFSDK_Aftermath_Lib.x64.dll
LogICUInternationalization: ICU TimeZone Detection - Raw Offset: -5:00, Platform Override: ''
LogPluginManager: Mounting plugin Paper2D
LogPluginManager: Mounting plugin AISupport
LogPluginManager: Mounting plugin LightPropagationVolume
LogPluginManager: Mounting plugin CameraShakePreviewer
LogPluginManager: Mounting plugin ActorLayerUtilities
LogPluginManager: Mounting plugin AnimationSharing
LogPluginManager: Mounting plugin CLionSourceCodeAccess
LogPluginManager: Mounting plugin CodeLiteSourceCodeAccess
LogPluginManager: Mounting plugin GitSourceControl
LogPluginManager: Mounting plugin KDevelopSourceCodeAccess
LogPluginManager: Mounting plugin NullSourceCodeAccess
LogPluginManager: Mounting plugin PerforceSourceControl
LogPluginManager: Mounting plugin PlasticSourceControl
LogPluginManager: Mounting plugin RiderSourceCodeAccess
LogPluginManager: Mounting plugin SubversionSourceControl
LogPluginManager: Mounting plugin UObjectPlugin
LogPluginManager: Mounting plugin VisualStudioCodeSourceCodeAccess
LogPluginManager: Mounting plugin VisualStudioSourceCodeAccess
LogPluginManager: Mounting plugin XCodeSourceCodeAccess
LogPluginManager: Mounting plugin AssetManagerEditor
LogPluginManager: Mounting plugin CryptoKeys
LogPluginManager: Mounting plugin CurveEditorTools
LogPluginManager: Mounting plugin DataValidation
LogPluginManager: Mounting plugin EditorScriptingUtilities
LogPluginManager: Mounting plugin FacialAnimation
LogPluginManager: Mounting plugin GameplayTagsEditor
LogPluginManager: Mounting plugin GeometryMode
LogPluginManager: Mounting plugin MacGraphicsSwitching
LogPluginManager: Mounting plugin MaterialAnalyzer
LogPluginManager: Mounting plugin MobileLauncherProfileWizard
LogPluginManager: Mounting plugin PluginBrowser
LogPluginManager: Mounting plugin SpeedTreeImporter
LogPluginManager: Mounting plugin DatasmithContent
LogPluginManager: Mounting plugin VariantManagerContent
LogPluginManager: Mounting plugin AlembicImporter
LogPluginManager: Mounting plugin AutomationUtils
LogPluginManager: Mounting plugin BackChannel
LogPluginManager: Mounting plugin ChaosCloth
LogPluginManager: Mounting plugin ChaosClothEditor
LogPluginManager: Mounting plugin ChaosEditor
LogPluginManager: Mounting plugin ChaosNiagara
LogPluginManager: Mounting plugin ChaosSolverPlugin
LogPluginManager: Mounting plugin CharacterAI
LogPluginManager: Mounting plugin GeometryCache
LogPluginManager: Mounting plugin GeometryCollectionPlugin
LogPluginManager: Mounting plugin GeometryProcessing
LogPluginManager: Mounting plugin PlanarCut
LogPluginManager: Mounting plugin PlatformCrypto
LogPluginManager: Mounting plugin ProxyLODPlugin
LogPluginManager: Mounting plugin SkeletalReduction
LogPluginManager: Mounting plugin Niagara
LogPluginManager: Mounting plugin MagicLeap
LogPluginManager: Mounting plugin MagicLeapLightEstimation
LogPluginManager: Mounting plugin MagicLeapMedia
LogPluginManager: Mounting plugin MagicLeapPassableWorld
LogPluginManager: Mounting plugin MLSDK
LogPluginManager: Mounting plugin AndroidMedia
LogPluginManager: Mounting plugin AvfMedia
LogPluginManager: Mounting plugin ImgMedia
LogPluginManager: Mounting plugin MediaCompositing
LogPluginManager: Mounting plugin MediaPlayerEditor
LogPluginManager: Mounting plugin WebMMedia
LogPluginManager: Mounting plugin WmfMedia
LogPluginManager: Mounting plugin MeshPainting
LogPluginManager: Mounting plugin TcpMessaging
LogPluginManager: Mounting plugin UdpMessaging
LogPluginManager: Mounting plugin ActorSequence
LogPluginManager: Mounting plugin LevelSequenceEditor
LogPluginManager: Mounting plugin MatineeToLevelSequence
LogPluginManager: Mounting plugin MovieRenderPipeline
LogPluginManager: Mounting plugin TemplateSequence
LogPluginManager: Mounting plugin NetcodeUnitTest
LogPluginManager: Mounting plugin NUTUnrealEngine4
LogPluginManager: Mounting plugin OnlineSubsystemGooglePlay
LogPluginManager: Mounting plugin OnlineSubsystemIOS
LogPluginManager: Mounting plugin OnlineSubsystem
LogPluginManager: Mounting plugin OnlineSubsystemNull
LogPluginManager: Mounting plugin OnlineSubsystemUtils
LogPluginManager: Mounting plugin LauncherChunkInstaller
LogPluginManager: Mounting plugin AndroidDeviceProfileSelector
LogPluginManager: Mounting plugin AndroidMoviePlayer
LogPluginManager: Mounting plugin AndroidPermission
LogPluginManager: Mounting plugin AppleImageUtils
LogPluginManager: Mounting plugin AppleMoviePlayer
LogPluginManager: Mounting plugin ArchVisCharacter
LogPluginManager: Mounting plugin AssetTags
LogPluginManager: Mounting plugin AudioCapture
LogPluginManager: Mounting plugin CableComponent
LogPluginManager: Mounting plugin CustomMeshComponent
LogPluginManager: Mounting plugin DatabaseSupport
LogPluginManager: Mounting plugin SQLiteCore
LogPluginManager: Mounting plugin SQLiteSupport
LogPluginManager: Mounting plugin EditableMesh
LogPluginManager: Mounting plugin ExampleDeviceProfileSelector
LogPluginManager: Mounting plugin GoogleCloudMessaging
LogPluginManager: Mounting plugin GooglePAD
LogPluginManager: Mounting plugin IOSDeviceProfileSelector
LogPluginManager: Mounting plugin LinuxDeviceProfileSelector
LogPluginManager: Mounting plugin LocationServicesBPLibrary
LogPluginManager: Mounting plugin MobilePatchingUtils
LogPluginManager: Mounting plugin OculusVR
LogPluginManager: Mounting plugin PhysXVehicles
LogPluginManager: Mounting plugin PostSplashScreen
LogPluginManager: Mounting plugin ProceduralMeshComponent
LogPluginManager: Mounting plugin RuntimePhysXCooking
LogPluginManager: Mounting plugin SignificanceManager
LogPluginManager: Mounting plugin SoundFields
LogPluginManager: Mounting plugin SteamVR
LogPluginManager: Mounting plugin Synthesis
LogPluginManager: Mounting plugin WebMMoviePlayer
LogPluginManager: Mounting plugin WindowsMoviePlayer
LogPluginManager: Mounting plugin ScreenshotTools
LogWmfMedia: Failed to load mf.dll
LogWmfMedia: Failed to load required Windows Media Foundation libraries
LogInit: Using libcurl 7.55.1-DEV
LogInit:  - built for x86_64-pc-win32
LogInit:  - supports SSL with OpenSSL/1.1.1
LogInit:  - supports HTTP deflate (compression) using libz 1.2.8
LogInit:  - other features:
LogInit:      CURL_VERSION_SSL
LogInit:      CURL_VERSION_LIBZ
LogInit:      CURL_VERSION_IPV6
LogInit:      CURL_VERSION_ASYNCHDNS
LogInit:      CURL_VERSION_LARGEFILE
LogInit:      CURL_VERSION_IDN
LogInit:  CurlRequestOptions (configurable via config and command line):
LogInit:  - bVerifyPeer = true  - Libcurl will verify peer certificate
LogInit:  - bUseHttpProxy = false  - Libcurl will NOT use HTTP proxy
LogInit:  - bDontReuseConnections = false  - Libcurl will reuse connections
LogInit:  - MaxHostConnections = 16  - Libcurl will limit the number of connections to a host
LogInit:  - LocalHostAddr = Default
LogInit:  - BufferSize = 65536
LogOnline: OSS: Creating online subsystem instance for: NULL
LogInit: WinSock: version 1.1 (2.2), MaxSocks=32767, MaxUdp=65467
LogOnline: OSS: TryLoadSubsystemAndSetDefault: Loaded subsystem for module [NULL]
LogInit: Build: ++UE4+Release-4.25-CL-14469661
LogInit: Engine Version: 4.25.4-14469661+++UE4+Release-4.25
LogInit: Compatible Engine Version: 4.25.0-13144385+++UE4+Release-4.25
LogInit: Net CL: 13144385
LogInit: OS: Windows 10 (Release 2004) (), CPU: AMD Ryzen 7 3700X 8-Core Processor             , GPU: NVIDIA GeForce RTX 2060
LogInit: Compiled (64-bit): Oct 11 2020 08:10:49
LogInit: Compiled with Visual C++: 19.24.28315.00
LogInit: Build Configuration: Development
LogInit: Branch Name: ++UE4+Release-4.25
LogInit: Command Line: 
LogInit: Base Directory: C:/Program Files/Epic Games/UE_4.25/Engine/Binaries/Win64/
LogInit: Allocator: TBB
LogInit: Installed Engine Build: 1
LogDevObjectVersion: Number of dev versions registered: 26
LogDevObjectVersion:   Dev-Blueprints (B0D832E4-1F89-4F0D-ACCF-7EB736FD4AA2): 10
LogDevObjectVersion:   Dev-Build (E1C64328-A22C-4D53-A36C-8E866417BD8C): 0
LogDevObjectVersion:   Dev-Core (375EC13C-06E4-48FB-B500-84F0262A717E): 4
LogDevObjectVersion:   Dev-Editor (E4B068ED-F494-42E9-A231-DA0B2E46BB41): 38
LogDevObjectVersion:   Dev-Framework (CFFC743F-43B0-4480-9391-14DF171D2073): 37
LogDevObjectVersion:   Dev-Mobile (B02B49B5-BB20-44E9-A304-32B752E40360): 2
LogDevObjectVersion:   Dev-Networking (A4E4105C-59A1-49B5-A7C5-40C4547EDFEE): 0
LogDevObjectVersion:   Dev-Online (39C831C9-5AE6-47DC-9A44-9C173E1C8E7C): 0
LogDevObjectVersion:   Dev-Physics (78F01B33-EBEA-4F98-B9B4-84EACCB95AA2): 4
LogDevObjectVersion:   Dev-Platform (6631380F-2D4D-43E0-8009-CF276956A95A): 0
LogDevObjectVersion:   Dev-Rendering (12F88B9F-8875-4AFC-A67C-D90C383ABD29): 43
LogDevObjectVersion:   Dev-Sequencer (7B5AE74C-D270-4C10-A958-57980B212A5A): 12
LogDevObjectVersion:   Dev-VR (D7296918-1DD6-4BDD-9DE2-64A83CC13884): 3
LogDevObjectVersion:   Dev-LoadTimes (C2A15278-BFE7-4AFE-6C17-90FF531DF755): 1
LogDevObjectVersion:   Private-Geometry (6EACA3D4-40EC-4CC1-B786-8BED09428FC5): 3
LogDevObjectVersion:   Dev-AnimPhys (29E575DD-E0A3-4627-9D10-D276232CDCEA): 17
LogDevObjectVersion:   Dev-Anim (AF43A65D-7FD3-4947-9873-3E8ED9C1BB05): 7
LogDevObjectVersion:   Dev-ReflectionCapture (6B266CEC-1EC7-4B8F-A30B-E4D90942FC07): 1
LogDevObjectVersion:   Dev-Automation (0DF73D61-A23F-47EA-B727-89E90C41499A): 1
LogDevObjectVersion:   FortniteMain (601D1886-AC64-4F84-AA16-D3DE0DEAC7D6): 31
LogDevObjectVersion:   Dev-Enterprise (9DFFBCD6-494F-0158-E221-12823C92A888): 10
LogDevObjectVersion:   Dev-Niagara (F2AED0AC-9AFE-416F-8664-AA7FFA26D6FC): 1
LogDevObjectVersion:   Dev-Destruction (174F1F0B-B4C6-45A5-B13F-2EE8D0FB917D): 10
LogDevObjectVersion:   Dev-Physics-Ext (35F94A83-E258-406C-A318-09F59610247C): 37
LogDevObjectVersion:   Dev-PhysicsMaterial-Chaos (B68FC16E-8B1B-42E2-B453-215C058844FE): 1
LogDevObjectVersion:   Dev-CineCamera (B2E18506-4273-CFC2-A54E-F4BB758BBA07): 1
LogInit: Presizing for max 25165824 objects, including 0 objects not considered by GC, pre-allocating 0 bytes for permanent pool.
LogConfig: Applying CVar settings from Section [/Script/Engine.StreamingSettings] File [C:/Users/Jack Crespo/Desktop/HRI WORKING/Saved/Config/Windows/Engine.ini]
LogConfig: Setting CVar [[s.MinBulkDataSizeForAsyncLoading:131072]]
LogConfig: Setting CVar [[s.AsyncLoadingThreadEnabled:0]]
LogConfig: Setting CVar [[s.EventDrivenLoaderEnabled:1]]
LogConfig: Setting CVar [[s.WarnIfTimeLimitExceeded:0]]
LogConfig: Setting CVar [[s.TimeLimitExceededMultiplier:1.5]]
LogConfig: Setting CVar [[s.TimeLimitExceededMinTime:0.005]]
LogConfig: Setting CVar [[s.UseBackgroundLevelStreaming:1]]
LogConfig: Setting CVar [[s.PriorityAsyncLoadingExtraTime:15.0]]
LogConfig: Setting CVar [[s.LevelStreamingActorsUpdateTimeLimit:5.0]]
LogConfig: Setting CVar [[s.PriorityLevelStreamingActorsUpdateExtraTime:5.0]]
LogConfig: Setting CVar [[s.LevelStreamingComponentsRegistrationGranularity:10]]
LogConfig: Setting CVar [[s.UnregisterComponentsTimeLimit:1.0]]
LogConfig: Setting CVar [[s.LevelStreamingComponentsUnregistrationGranularity:5]]
LogConfig: Setting CVar [[s.FlushStreamingOnExit:1]]
LogInit: Object subsystem initialized
LogConfig: Setting CVar [[con.DebugEarlyDefault:1]]
LogConfig: Setting CVar [[r.setres:1280x720]]
[2021.03.16-00.58.30:653][  0]LogConfig: Setting CVar [[r.VSync:0]]
[2021.03.16-00.58.30:653][  0]LogConfig: Setting CVar [[r.RHICmdBypass:0]]
[2021.03.16-00.58.30:653][  0]LogConfig: Applying CVar settings from Section [/Script/Engine.RendererSettings] File [C:/Users/Jack Crespo/Desktop/HRI WORKING/Saved/Config/Windows/Engine.ini]
[2021.03.16-00.58.30:653][  0]LogConfig: Setting CVar [[r.GPUCrashDebugging:0]]
[2021.03.16-00.58.30:653][  0]LogConfig: Applying CVar settings from Section [/Script/Engine.RendererOverrideSettings] File [C:/Users/Jack Crespo/Desktop/HRI WORKING/Saved/Config/Windows/Engine.ini]
[2021.03.16-00.58.30:653][  0]LogConfig: Applying CVar settings from Section [/Script/Engine.StreamingSettings] File [C:/Users/Jack Crespo/Desktop/HRI WORKING/Saved/Config/Windows/Engine.ini]
[2021.03.16-00.58.30:653][  0]LogConfig: Setting CVar [[s.MinBulkDataSizeForAsyncLoading:131072]]
[2021.03.16-00.58.30:653][  0]LogConfig: Setting CVar [[s.AsyncLoadingThreadEnabled:0]]
[2021.03.16-00.58.30:653][  0]LogConfig: Setting CVar [[s.EventDrivenLoaderEnabled:1]]
[2021.03.16-00.58.30:653][  0]LogConfig: Setting CVar [[s.WarnIfTimeLimitExceeded:0]]
[2021.03.16-00.58.30:653][  0]LogConfig: Setting CVar [[s.TimeLimitExceededMultiplier:1.5]]
[2021.03.16-00.58.30:653][  0]LogConfig: Setting CVar [[s.TimeLimitExceededMinTime:0.005]]
[2021.03.16-00.58.30:653][  0]LogConfig: Setting CVar [[s.UseBackgroundLevelStreaming:1]]
[2021.03.16-00.58.30:653][  0]LogConfig: Setting CVar [[s.PriorityAsyncLoadingExtraTime:15.0]]
[2021.03.16-00.58.30:653][  0]LogConfig: Setting CVar [[s.LevelStreamingActorsUpdateTimeLimit:5.0]]
[2021.03.16-00.58.30:653][  0]LogConfig: Setting CVar [[s.PriorityLevelStreamingActorsUpdateExtraTime:5.0]]
[2021.03.16-00.58.30:653][  0]LogConfig: Setting CVar [[s.LevelStreamingComponentsRegistrationGranularity:10]]
[2021.03.16-00.58.30:653][  0]LogConfig: Setting CVar [[s.UnregisterComponentsTimeLimit:1.0]]
[2021.03.16-00.58.30:653][  0]LogConfig: Setting CVar [[s.LevelStreamingComponentsUnregistrationGranularity:5]]
[2021.03.16-00.58.30:653][  0]LogConfig: Setting CVar [[s.FlushStreamingOnExit:1]]
[2021.03.16-00.58.30:653][  0]LogConfig: Applying CVar settings from Section [/Script/Engine.GarbageCollectionSettings] File [C:/Users/Jack Crespo/Desktop/HRI WORKING/Saved/Config/Windows/Engine.ini]
[2021.03.16-00.58.30:653][  0]LogConfig: Setting CVar [[gc.MaxObjectsNotConsideredByGC:1]]
[2021.03.16-00.58.30:653][  0]LogConfig: Setting CVar [[gc.SizeOfPermanentObjectPool:0]]
[2021.03.16-00.58.30:653][  0]LogConfig: Setting CVar [[gc.FlushStreamingOnGC:0]]
[2021.03.16-00.58.30:653][  0]LogConfig: Setting CVar [[gc.NumRetriesBeforeForcingGC:10]]
[2021.03.16-00.58.30:653][  0]LogConfig: Setting CVar [[gc.AllowParallelGC:1]]
[2021.03.16-00.58.30:653][  0]LogConfig: Setting CVar [[gc.TimeBetweenPurgingPendingKillObjects:61.1]]
[2021.03.16-00.58.30:653][  0]LogConfig: Setting CVar [[gc.MaxObjectsInEditor:25165824]]
[2021.03.16-00.58.30:653][  0]LogConfig: Setting CVar [[gc.IncrementalBeginDestroyEnabled:1]]
[2021.03.16-00.58.30:653][  0]LogConfig: Setting CVar [[gc.CreateGCClusters:1]]
[2021.03.16-00.58.30:653][  0]LogConfig: Setting CVar [[gc.MinGCClusterSize:5]]
[2021.03.16-00.58.30:653][  0]LogConfig: Setting CVar [[gc.ActorClusteringEnabled:0]]
[2021.03.16-00.58.30:653][  0]LogConfig: Setting CVar [[gc.BlueprintClusteringEnabled:0]]
[2021.03.16-00.58.30:653][  0]LogConfig: Setting CVar [[gc.UseDisregardForGCOnDedicatedServers:0]]
[2021.03.16-00.58.30:653][  0]LogConfig: Applying CVar settings from Section [/Script/Engine.NetworkSettings] File [C:/Users/Jack Crespo/Desktop/HRI WORKING/Saved/Config/Windows/Engine.ini]
[2021.03.16-00.58.30:653][  0]LogConfig: Applying CVar settings from Section [/Script/UnrealEd.CookerSettings] File [C:/Users/Jack Crespo/Desktop/HRI WORKING/Saved/Config/Windows/Engine.ini]
[2021.03.16-00.58.30:655][  0]LogConfig: Applying CVar settings from Section [ViewDistanceQuality@3] File [C:/Users/Jack Crespo/Desktop/HRI WORKING/Saved/Config/Windows/Scalability.ini]
[2021.03.16-00.58.30:655][  0]LogConfig: Setting CVar [[r.SkeletalMeshLODBias:0]]
[2021.03.16-00.58.30:655][  0]LogConfig: Setting CVar [[r.ViewDistanceScale:1.0]]
[2021.03.16-00.58.30:655][  0]LogConfig: Applying CVar settings from Section [AntiAliasingQuality@3] File [C:/Users/Jack Crespo/Desktop/HRI WORKING/Saved/Config/Windows/Scalability.ini]
[2021.03.16-00.58.30:655][  0]LogConfig: Setting CVar [[r.PostProcessAAQuality:4]]
[2021.03.16-00.58.30:655][  0]LogConfig: Applying CVar settings from Section [ShadowQuality@3] File [C:/Users/Jack Crespo/Desktop/HRI WORKING/Saved/Config/Windows/Scalability.ini]
[2021.03.16-00.58.30:655][  0]LogConfig: Setting CVar [[r.LightFunctionQuality:1]]
[2021.03.16-00.58.30:655][  0]LogConfig: Setting CVar [[r.ShadowQuality:5]]
[2021.03.16-00.58.30:655][  0]LogConfig: Setting CVar [[r.Shadow.CSM.MaxCascades:10]]
[2021.03.16-00.58.30:655][  0]LogConfig: Setting CVar [[r.Shadow.MaxResolution:2048]]
[2021.03.16-00.58.30:655][  0]LogConfig: Setting CVar [[r.Shadow.MaxCSMResolution:2048]]
[2021.03.16-00.58.30:655][  0]LogConfig: Setting CVar [[r.Shadow.RadiusThreshold:0.01]]
[2021.03.16-00.58.30:655][  0]LogConfig: Setting CVar [[r.Shadow.DistanceScale:1.0]]
[2021.03.16-00.58.30:655][  0]LogConfig: Setting CVar [[r.Shadow.CSM.TransitionScale:1.0]]
[2021.03.16-00.58.30:655][  0]LogConfig: Setting CVar [[r.Shadow.PreShadowResolutionFactor:1.0]]
[2021.03.16-00.58.30:655][  0]LogConfig: Setting CVar [[r.DistanceFieldShadowing:1]]
[2021.03.16-00.58.30:655][  0]LogConfig: Setting CVar [[r.DistanceFieldAO:1]]
[2021.03.16-00.58.30:655][  0]LogConfig: Setting CVar [[r.AOQuality:2]]
[2021.03.16-00.58.30:655][  0]LogConfig: Setting CVar [[r.VolumetricFog:1]]
[2021.03.16-00.58.30:655][  0]LogConfig: Setting CVar [[r.VolumetricFog.GridPixelSize:8]]
[2021.03.16-00.58.30:655][  0]LogConfig: Setting CVar [[r.VolumetricFog.GridSizeZ:128]]
[2021.03.16-00.58.30:655][  0]LogConfig: Setting CVar [[r.VolumetricFog.HistoryMissSupersampleCount:4]]
[2021.03.16-00.58.30:655][  0]LogConfig: Setting CVar [[r.LightMaxDrawDistanceScale:1]]
[2021.03.16-00.58.30:655][  0]LogConfig: Setting CVar [[r.CapsuleShadows:1]]
[2021.03.16-00.58.30:655][  0]LogConfig: Applying CVar settings from Section [PostProcessQuality@3] File [C:/Users/Jack Crespo/Desktop/HRI WORKING/Saved/Config/Windows/Scalability.ini]
[2021.03.16-00.58.30:655][  0]LogConfig: Setting CVar [[r.MotionBlurQuality:4]]
[2021.03.16-00.58.30:655][  0]LogConfig: Setting CVar [[r.AmbientOcclusionMipLevelFactor:0.4]]
[2021.03.16-00.58.30:655][  0]LogConfig: Setting CVar [[r.AmbientOcclusionMaxQuality:100]]
[2021.03.16-00.58.30:655][  0]LogConfig: Setting CVar [[r.AmbientOcclusionLevels:-1]]
[2021.03.16-00.58.30:655][  0]LogConfig: Setting CVar [[r.AmbientOcclusionRadiusScale:1.0]]
[2021.03.16-00.58.30:655][  0]LogConfig: Setting CVar [[r.DepthOfFieldQuality:2]]
[2021.03.16-00.58.30:655][  0]LogConfig: Setting CVar [[r.RenderTargetPoolMin:400]]
[2021.03.16-00.58.30:655][  0]LogConfig: Setting CVar [[r.LensFlareQuality:2]]
[2021.03.16-00.58.30:655][  0]LogConfig: Setting CVar [[r.SceneColorFringeQuality:1]]
[2021.03.16-00.58.30:655][  0]LogConfig: Setting CVar [[r.EyeAdaptationQuality:2]]
[2021.03.16-00.58.30:655][  0]LogConfig: Setting CVar [[r.BloomQuality:5]]
[2021.03.16-00.58.30:655][  0]LogConfig: Setting CVar [[r.FastBlurThreshold:100]]
[2021.03.16-00.58.30:655][  0]LogConfig: Setting CVar [[r.Upscale.Quality:3]]
[2021.03.16-00.58.30:655][  0]LogConfig: Setting CVar [[r.Tonemapper.GrainQuantization:1]]
[2021.03.16-00.58.30:655][  0]LogConfig: Setting CVar [[r.LightShaftQuality:1]]
[2021.03.16-00.58.30:655][  0]LogConfig: Setting CVar [[r.Filter.SizeScale:1]]
[2021.03.16-00.58.30:655][  0]LogConfig: Setting CVar [[r.Tonemapper.Quality:5]]
[2021.03.16-00.58.30:655][  0]LogConfig: Setting CVar [[r.DOF.Gather.AccumulatorQuality:1        ; higher gathering accumulator quality]]
[2021.03.16-00.58.30:655][  0]LogConfig: Setting CVar [[r.DOF.Gather.PostfilterMethod:1          ; Median3x3 postfilering method]]
[2021.03.16-00.58.30:655][  0]LogConfig: Setting CVar [[r.DOF.Gather.EnableBokehSettings:0       ; no bokeh simulation when gathering]]
[2021.03.16-00.58.30:655][  0]LogConfig: Setting CVar [[r.DOF.Gather.RingCount:4                 ; medium number of samples when gathering]]
[2021.03.16-00.58.30:655][  0]LogConfig: Setting CVar [[r.DOF.Scatter.ForegroundCompositing:1    ; additive foreground scattering]]
[2021.03.16-00.58.30:655][  0]LogConfig: Setting CVar [[r.DOF.Scatter.BackgroundCompositing:2    ; additive background scattering]]
[2021.03.16-00.58.30:655][  0]LogConfig: Setting CVar [[r.DOF.Scatter.EnableBokehSettings:1      ; bokeh simulation when scattering]]
[2021.03.16-00.58.30:655][  0]LogConfig: Setting CVar [[r.DOF.Scatter.MaxSpriteRatio:0.1         ; only a maximum of 10% of scattered bokeh]]
[2021.03.16-00.58.30:655][  0]LogConfig: Setting CVar [[r.DOF.Recombine.Quality:1                ; cheap slight out of focus]]
[2021.03.16-00.58.30:655][  0]LogConfig: Setting CVar [[r.DOF.Recombine.EnableBokehSettings:0    ; no bokeh simulation on slight out of focus]]
[2021.03.16-00.58.30:655][  0]LogConfig: Setting CVar [[r.DOF.TemporalAAQuality:1                ; more stable temporal accumulation]]
[2021.03.16-00.58.30:655][  0]LogConfig: Setting CVar [[r.DOF.Kernel.MaxForegroundRadius:0.025]]
[2021.03.16-00.58.30:655][  0]LogConfig: Setting CVar [[r.DOF.Kernel.MaxBackgroundRadius:0.025]]
[2021.03.16-00.58.30:655][  0]LogConfig: Applying CVar settings from Section [TextureQuality@3] File [C:/Users/Jack Crespo/Desktop/HRI WORKING/Saved/Config/Windows/Scalability.ini]
[2021.03.16-00.58.30:655][  0]LogConfig: Setting CVar [[r.Streaming.MipBias:0]]
[2021.03.16-00.58.30:655][  0]LogConfig: Setting CVar [[r.Streaming.AmortizeCPUToGPUCopy:0]]
[2021.03.16-00.58.30:655][  0]LogConfig: Setting CVar [[r.Streaming.MaxNumTexturesToStreamPerFrame:0]]
[2021.03.16-00.58.30:655][  0]LogConfig: Setting CVar [[r.Streaming.Boost:1]]
[2021.03.16-00.58.30:655][  0]LogConfig: Setting CVar [[r.MaxAnisotropy:8]]
[2021.03.16-00.58.30:655][  0]LogConfig: Setting CVar [[r.VT.MaxAnisotropy:8]]
[2021.03.16-00.58.30:655][  0]LogConfig: Setting CVar [[r.Streaming.LimitPoolSizeToVRAM:0]]
[2021.03.16-00.58.30:655][  0]LogConfig: Setting CVar [[r.Streaming.PoolSize:1000]]
[2021.03.16-00.58.30:655][  0]LogConfig: Setting CVar [[r.Streaming.MaxEffectiveScreenSize:0]]
[2021.03.16-00.58.30:655][  0]LogConfig: Applying CVar settings from Section [EffectsQuality@3] File [C:/Users/Jack Crespo/Desktop/HRI WORKING/Saved/Config/Windows/Scalability.ini]
[2021.03.16-00.58.30:655][  0]LogConfig: Setting CVar [[r.TranslucencyLightingVolumeDim:64]]
[2021.03.16-00.58.30:655][  0]LogConfig: Setting CVar [[r.RefractionQuality:2]]
[2021.03.16-00.58.30:656][  0]LogConfig: Setting CVar [[r.SSR.Quality:3]]
[2021.03.16-00.58.30:656][  0]LogConfig: Setting CVar [[r.SSR.HalfResSceneColor:0]]
[2021.03.16-00.58.30:656][  0]LogConfig: Setting CVar [[r.SceneColorFormat:4]]
[2021.03.16-00.58.30:656][  0]LogConfig: Setting CVar [[r.DetailMode:2]]
[2021.03.16-00.58.30:656][  0]LogConfig: Setting CVar [[r.TranslucencyVolumeBlur:1]]
[2021.03.16-00.58.30:656][  0]LogConfig: Setting CVar [[r.MaterialQualityLevel:1 ; High quality]]
[2021.03.16-00.58.30:656][  0]LogConfig: Setting CVar [[r.SSS.Scale:1]]
[2021.03.16-00.58.30:656][  0]LogConfig: Setting CVar [[r.SSS.SampleSet:2]]
[2021.03.16-00.58.30:656][  0]LogConfig: Setting CVar [[r.SSS.Quality:1]]
[2021.03.16-00.58.30:656][  0]LogConfig: Setting CVar [[r.SSS.HalfRes:0]]
[2021.03.16-00.58.30:656][  0]LogConfig: Setting CVar [[r.SSGI.Quality:3]]
[2021.03.16-00.58.30:656][  0]LogConfig: Setting CVar [[r.EmitterSpawnRateScale:1.0]]
[2021.03.16-00.58.30:656][  0]LogConfig: Setting CVar [[r.ParticleLightQuality:2]]
[2021.03.16-00.58.30:656][  0]LogConfig: Setting CVar [[r.SkyAtmosphere.AerialPerspectiveLUT.FastApplyOnOpaque:1 ; Always have FastSkyLUT 1 in this case to avoid wrong sky]]
[2021.03.16-00.58.30:656][  0]LogConfig: Setting CVar [[r.SkyAtmosphere.AerialPerspectiveLUT.SampleCountPerSlice:1]]
[2021.03.16-00.58.30:656][  0]LogConfig: Setting CVar [[r.SkyAtmosphere.AerialPerspectiveLUT.DepthResolution:16.0]]
[2021.03.16-00.58.30:656][  0]LogConfig: Setting CVar [[r.SkyAtmosphere.FastSkyLUT:1]]
[2021.03.16-00.58.30:656][  0]LogConfig: Setting CVar [[r.SkyAtmosphere.FastSkyLUT.SampleCountMin:4.0]]
[2021.03.16-00.58.30:656][  0]LogConfig: Setting CVar [[r.SkyAtmosphere.FastSkyLUT.SampleCountMax:32.0]]
[2021.03.16-00.58.30:656][  0]LogConfig: Setting CVar [[r.SkyAtmosphere.SampleCountMin:4.0]]
[2021.03.16-00.58.30:656][  0]LogConfig: Setting CVar [[r.SkyAtmosphere.SampleCountMax:32.0]]
[2021.03.16-00.58.30:656][  0]LogConfig: Setting CVar [[r.SkyAtmosphere.TransmittanceLUT.UseSmallFormat:0]]
[2021.03.16-00.58.30:656][  0]LogConfig: Setting CVar [[r.SkyAtmosphere.TransmittanceLUT.SampleCount:10.0]]
[2021.03.16-00.58.30:656][  0]LogConfig: Setting CVar [[r.SkyAtmosphere.MultiScatteringLUT.SampleCount:15.0]]
[2021.03.16-00.58.30:656][  0]LogConfig: Applying CVar settings from Section [FoliageQuality@3] File [C:/Users/Jack Crespo/Desktop/HRI WORKING/Saved/Config/Windows/Scalability.ini]
[2021.03.16-00.58.30:656][  0]LogConfig: Setting CVar [[foliage.DensityScale:1.0]]
[2021.03.16-00.58.30:656][  0]LogConfig: Setting CVar [[grass.DensityScale:1.0]]
[2021.03.16-00.58.30:656][  0]LogConfig: Applying CVar settings from Section [ShadingQuality@3] File [C:/Users/Jack Crespo/Desktop/HRI WORKING/Saved/Config/Windows/Scalability.ini]
[2021.03.16-00.58.30:656][  0]LogConfig: Setting CVar [[r.HairStrands.SkyLighting.SampleCount:16]]
[2021.03.16-00.58.30:656][  0]LogConfig: Setting CVar [[r.HairStrands.SkyLighting.JitterIntegration:0]]
[2021.03.16-00.58.30:656][  0]LogConfig: Setting CVar [[r.HairStrands.SkyAO.SampleCount:16]]
[2021.03.16-00.58.30:656][  0]LogConfig: Setting CVar [[r.HairStrands.DeepShadow.SuperSampling:0]]
[2021.03.16-00.58.30:656][  0]LogConfig: Setting CVar [[r.HairStrands.VisibilityPPLL:0]]
[2021.03.16-00.58.30:656][  0]LogConfig: Setting CVar [[r.HairStrands.RasterizationScale:0.5]]
[2021.03.16-00.58.30:656][  0]LogConfig: Setting CVar [[r.HairStrands.VelocityRasterizationScale:1]]
[2021.03.16-00.58.30:656][  0]LogInit: Selected Device Profile: [Windows]
[2021.03.16-00.58.30:656][  0]LogInit: Applying CVar settings loaded from the selected device profile: [Windows]
[2021.03.16-00.58.30:656][  0]LogHAL: Display: Platform has ~ 32 GB [34306453504 / 34359738368 / 32], which maps to Largest [LargestMinGB=32, LargerMinGB=12, DefaultMinGB=8, SmallerMinGB=6, SmallestMinGB=0)
[2021.03.16-00.58.30:656][  0]LogInit: Going up to parent DeviceProfile []
[2021.03.16-00.58.30:656][  0]LogConfig: Applying CVar settings from Section [ViewDistanceQuality@3] File [C:/Users/Jack Crespo/Desktop/HRI WORKING/Saved/Config/Windows/Scalability.ini]
[2021.03.16-00.58.30:656][  0]LogConfig: Setting CVar [[r.SkeletalMeshLODBias:0]]
[2021.03.16-00.58.30:656][  0]LogConfig: Setting CVar [[r.ViewDistanceScale:1.0]]
[2021.03.16-00.58.30:656][  0]LogConfig: Applying CVar settings from Section [AntiAliasingQuality@3] File [C:/Users/Jack Crespo/Desktop/HRI WORKING/Saved/Config/Windows/Scalability.ini]
[2021.03.16-00.58.30:656][  0]LogConfig: Setting CVar [[r.PostProcessAAQuality:4]]
[2021.03.16-00.58.30:656][  0]LogConfig: Applying CVar settings from Section [ShadowQuality@3] File [C:/Users/Jack Crespo/Desktop/HRI WORKING/Saved/Config/Windows/Scalability.ini]
[2021.03.16-00.58.30:656][  0]LogConfig: Setting CVar [[r.LightFunctionQuality:1]]
[2021.03.16-00.58.30:656][  0]LogConfig: Setting CVar [[r.ShadowQuality:5]]
[2021.03.16-00.58.30:656][  0]LogConfig: Setting CVar [[r.Shadow.CSM.MaxCascades:10]]
[2021.03.16-00.58.30:656][  0]LogConfig: Setting CVar [[r.Shadow.MaxResolution:2048]]
[2021.03.16-00.58.30:656][  0]LogConfig: Setting CVar [[r.Shadow.MaxCSMResolution:2048]]
[2021.03.16-00.58.30:656][  0]LogConfig: Setting CVar [[r.Shadow.RadiusThreshold:0.01]]
[2021.03.16-00.58.30:656][  0]LogConfig: Setting CVar [[r.Shadow.DistanceScale:1.0]]
[2021.03.16-00.58.30:656][  0]LogConfig: Setting CVar [[r.Shadow.CSM.TransitionScale:1.0]]
[2021.03.16-00.58.30:656][  0]LogConfig: Setting CVar [[r.Shadow.PreShadowResolutionFactor:1.0]]
[2021.03.16-00.58.30:656][  0]LogConfig: Setting CVar [[r.DistanceFieldShadowing:1]]
[2021.03.16-00.58.30:656][  0]LogConfig: Setting CVar [[r.DistanceFieldAO:1]]
[2021.03.16-00.58.30:656][  0]LogConfig: Setting CVar [[r.AOQuality:2]]
[2021.03.16-00.58.30:656][  0]LogConfig: Setting CVar [[r.VolumetricFog:1]]
[2021.03.16-00.58.30:656][  0]LogConfig: Setting CVar [[r.VolumetricFog.GridPixelSize:8]]
[2021.03.16-00.58.30:656][  0]LogConfig: Setting CVar [[r.VolumetricFog.GridSizeZ:128]]
[2021.03.16-00.58.30:656][  0]LogConfig: Setting CVar [[r.VolumetricFog.HistoryMissSupersampleCount:4]]
[2021.03.16-00.58.30:656][  0]LogConfig: Setting CVar [[r.LightMaxDrawDistanceScale:1]]
[2021.03.16-00.58.30:656][  0]LogConfig: Setting CVar [[r.CapsuleShadows:1]]
[2021.03.16-00.58.30:656][  0]LogConfig: Applying CVar settings from Section [PostProcessQuality@3] File [C:/Users/Jack Crespo/Desktop/HRI WORKING/Saved/Config/Windows/Scalability.ini]
[2021.03.16-00.58.30:656][  0]LogConfig: Setting CVar [[r.MotionBlurQuality:4]]
[2021.03.16-00.58.30:656][  0]LogConfig: Setting CVar [[r.AmbientOcclusionMipLevelFactor:0.4]]
[2021.03.16-00.58.30:656][  0]LogConfig: Setting CVar [[r.AmbientOcclusionMaxQuality:100]]
[2021.03.16-00.58.30:656][  0]LogConfig: Setting CVar [[r.AmbientOcclusionLevels:-1]]
[2021.03.16-00.58.30:656][  0]LogConfig: Setting CVar [[r.AmbientOcclusionRadiusScale:1.0]]
[2021.03.16-00.58.30:656][  0]LogConfig: Setting CVar [[r.DepthOfFieldQuality:2]]
[2021.03.16-00.58.30:656][  0]LogConfig: Setting CVar [[r.RenderTargetPoolMin:400]]
[2021.03.16-00.58.30:656][  0]LogConfig: Setting CVar [[r.LensFlareQuality:2]]
[2021.03.16-00.58.30:656][  0]LogConfig: Setting CVar [[r.SceneColorFringeQuality:1]]
[2021.03.16-00.58.30:656][  0]LogConfig: Setting CVar [[r.EyeAdaptationQuality:2]]
[2021.03.16-00.58.30:656][  0]LogConfig: Setting CVar [[r.BloomQuality:5]]
[2021.03.16-00.58.30:656][  0]LogConfig: Setting CVar [[r.FastBlurThreshold:100]]
[2021.03.16-00.58.30:656][  0]LogConfig: Setting CVar [[r.Upscale.Quality:3]]
[2021.03.16-00.58.30:656][  0]LogConfig: Setting CVar [[r.Tonemapper.GrainQuantization:1]]
[2021.03.16-00.58.30:656][  0]LogConfig: Setting CVar [[r.LightShaftQuality:1]]
[2021.03.16-00.58.30:656][  0]LogConfig: Setting CVar [[r.Filter.SizeScale:1]]
[2021.03.16-00.58.30:656][  0]LogConfig: Setting CVar [[r.Tonemapper.Quality:5]]
[2021.03.16-00.58.30:656][  0]LogConfig: Setting CVar [[r.DOF.Gather.AccumulatorQuality:1        ; higher gathering accumulator quality]]
[2021.03.16-00.58.30:656][  0]LogConfig: Setting CVar [[r.DOF.Gather.PostfilterMethod:1          ; Median3x3 postfilering method]]
[2021.03.16-00.58.30:656][  0]LogConfig: Setting CVar [[r.DOF.Gather.EnableBokehSettings:0       ; no bokeh simulation when gathering]]
[2021.03.16-00.58.30:656][  0]LogConfig: Setting CVar [[r.DOF.Gather.RingCount:4                 ; medium number of samples when gathering]]
[2021.03.16-00.58.30:656][  0]LogConfig: Setting CVar [[r.DOF.Scatter.ForegroundCompositing:1    ; additive foreground scattering]]
[2021.03.16-00.58.30:656][  0]LogConfig: Setting CVar [[r.DOF.Scatter.BackgroundCompositing:2    ; additive background scattering]]
[2021.03.16-00.58.30:656][  0]LogConfig: Setting CVar [[r.DOF.Scatter.EnableBokehSettings:1      ; bokeh simulation when scattering]]
[2021.03.16-00.58.30:656][  0]LogConfig: Setting CVar [[r.DOF.Scatter.MaxSpriteRatio:0.1         ; only a maximum of 10% of scattered bokeh]]
[2021.03.16-00.58.30:656][  0]LogConfig: Setting CVar [[r.DOF.Recombine.Quality:1                ; cheap slight out of focus]]
[2021.03.16-00.58.30:656][  0]LogConfig: Setting CVar [[r.DOF.Recombine.EnableBokehSettings:0    ; no bokeh simulation on slight out of focus]]
[2021.03.16-00.58.30:656][  0]LogConfig: Setting CVar [[r.DOF.TemporalAAQuality:1                ; more stable temporal accumulation]]
[2021.03.16-00.58.30:656][  0]LogConfig: Setting CVar [[r.DOF.Kernel.MaxForegroundRadius:0.025]]
[2021.03.16-00.58.30:657][  0]LogConfig: Setting CVar [[r.DOF.Kernel.MaxBackgroundRadius:0.025]]
[2021.03.16-00.58.30:657][  0]LogConfig: Applying CVar settings from Section [TextureQuality@3] File [C:/Users/Jack Crespo/Desktop/HRI WORKING/Saved/Config/Windows/Scalability.ini]
[2021.03.16-00.58.30:657][  0]LogConfig: Setting CVar [[r.Streaming.MipBias:0]]
[2021.03.16-00.58.30:657][  0]LogConfig: Setting CVar [[r.Streaming.AmortizeCPUToGPUCopy:0]]
[2021.03.16-00.58.30:657][  0]LogConfig: Setting CVar [[r.Streaming.MaxNumTexturesToStreamPerFrame:0]]
[2021.03.16-00.58.30:657][  0]LogConfig: Setting CVar [[r.Streaming.Boost:1]]
[2021.03.16-00.58.30:657][  0]LogConfig: Setting CVar [[r.MaxAnisotropy:8]]
[2021.03.16-00.58.30:657][  0]LogConfig: Setting CVar [[r.VT.MaxAnisotropy:8]]
[2021.03.16-00.58.30:657][  0]LogConfig: Setting CVar [[r.Streaming.LimitPoolSizeToVRAM:0]]
[2021.03.16-00.58.30:657][  0]LogConfig: Setting CVar [[r.Streaming.PoolSize:1000]]
[2021.03.16-00.58.30:657][  0]LogConfig: Setting CVar [[r.Streaming.MaxEffectiveScreenSize:0]]
[2021.03.16-00.58.30:657][  0]LogConfig: Applying CVar settings from Section [EffectsQuality@3] File [C:/Users/Jack Crespo/Desktop/HRI WORKING/Saved/Config/Windows/Scalability.ini]
[2021.03.16-00.58.30:657][  0]LogConfig: Setting CVar [[r.TranslucencyLightingVolumeDim:64]]
[2021.03.16-00.58.30:657][  0]LogConfig: Setting CVar [[r.RefractionQuality:2]]
[2021.03.16-00.58.30:657][  0]LogConfig: Setting CVar [[r.SSR.Quality:3]]
[2021.03.16-00.58.30:657][  0]LogConfig: Setting CVar [[r.SSR.HalfResSceneColor:0]]
[2021.03.16-00.58.30:657][  0]LogConfig: Setting CVar [[r.SceneColorFormat:4]]
[2021.03.16-00.58.30:657][  0]LogConfig: Setting CVar [[r.DetailMode:2]]
[2021.03.16-00.58.30:657][  0]LogConfig: Setting CVar [[r.TranslucencyVolumeBlur:1]]
[2021.03.16-00.58.30:657][  0]LogConfig: Setting CVar [[r.MaterialQualityLevel:1 ; High quality]]
[2021.03.16-00.58.30:657][  0]LogConfig: Setting CVar [[r.SSS.Scale:1]]
[2021.03.16-00.58.30:657][  0]LogConfig: Setting CVar [[r.SSS.SampleSet:2]]
[2021.03.16-00.58.30:657][  0]LogConfig: Setting CVar [[r.SSS.Quality:1]]
[2021.03.16-00.58.30:657][  0]LogConfig: Setting CVar [[r.SSS.HalfRes:0]]
[2021.03.16-00.58.30:657][  0]LogConfig: Setting CVar [[r.SSGI.Quality:3]]
[2021.03.16-00.58.30:657][  0]LogConfig: Setting CVar [[r.EmitterSpawnRateScale:1.0]]
[2021.03.16-00.58.30:657][  0]LogConfig: Setting CVar [[r.ParticleLightQuality:2]]
[2021.03.16-00.58.30:657][  0]LogConfig: Setting CVar [[r.SkyAtmosphere.AerialPerspectiveLUT.FastApplyOnOpaque:1 ; Always have FastSkyLUT 1 in this case to avoid wrong sky]]
[2021.03.16-00.58.30:657][  0]LogConfig: Setting CVar [[r.SkyAtmosphere.AerialPerspectiveLUT.SampleCountPerSlice:1]]
[2021.03.16-00.58.30:657][  0]LogConfig: Setting CVar [[r.SkyAtmosphere.AerialPerspectiveLUT.DepthResolution:16.0]]
[2021.03.16-00.58.30:657][  0]LogConfig: Setting CVar [[r.SkyAtmosphere.FastSkyLUT:1]]
[2021.03.16-00.58.30:657][  0]LogConfig: Setting CVar [[r.SkyAtmosphere.FastSkyLUT.SampleCountMin:4.0]]
[2021.03.16-00.58.30:657][  0]LogConfig: Setting CVar [[r.SkyAtmosphere.FastSkyLUT.SampleCountMax:32.0]]
[2021.03.16-00.58.30:657][  0]LogConfig: Setting CVar [[r.SkyAtmosphere.SampleCountMin:4.0]]
[2021.03.16-00.58.30:657][  0]LogConfig: Setting CVar [[r.SkyAtmosphere.SampleCountMax:32.0]]
[2021.03.16-00.58.30:657][  0]LogConfig: Setting CVar [[r.SkyAtmosphere.TransmittanceLUT.UseSmallFormat:0]]
[2021.03.16-00.58.30:657][  0]LogConfig: Setting CVar [[r.SkyAtmosphere.TransmittanceLUT.SampleCount:10.0]]
[2021.03.16-00.58.30:657][  0]LogConfig: Setting CVar [[r.SkyAtmosphere.MultiScatteringLUT.SampleCount:15.0]]
[2021.03.16-00.58.30:657][  0]LogConfig: Applying CVar settings from Section [FoliageQuality@3] File [C:/Users/Jack Crespo/Desktop/HRI WORKING/Saved/Config/Windows/Scalability.ini]
[2021.03.16-00.58.30:657][  0]LogConfig: Setting CVar [[foliage.DensityScale:1.0]]
[2021.03.16-00.58.30:657][  0]LogConfig: Setting CVar [[grass.DensityScale:1.0]]
[2021.03.16-00.58.30:657][  0]LogConfig: Applying CVar settings from Section [ShadingQuality@3] File [C:/Users/Jack Crespo/Desktop/HRI WORKING/Saved/Config/Windows/Scalability.ini]
[2021.03.16-00.58.30:657][  0]LogConfig: Setting CVar [[r.HairStrands.SkyLighting.SampleCount:16]]
[2021.03.16-00.58.30:657][  0]LogConfig: Setting CVar [[r.HairStrands.SkyLighting.JitterIntegration:0]]
[2021.03.16-00.58.30:657][  0]LogConfig: Setting CVar [[r.HairStrands.SkyAO.SampleCount:16]]
[2021.03.16-00.58.30:657][  0]LogConfig: Setting CVar [[r.HairStrands.DeepShadow.SuperSampling:0]]
[2021.03.16-00.58.30:657][  0]LogConfig: Setting CVar [[r.HairStrands.VisibilityPPLL:0]]
[2021.03.16-00.58.30:657][  0]LogConfig: Setting CVar [[r.HairStrands.RasterizationScale:0.5]]
[2021.03.16-00.58.30:657][  0]LogConfig: Setting CVar [[r.HairStrands.VelocityRasterizationScale:1]]
[2021.03.16-00.58.30:657][  0]LogConfig: Applying CVar settings from Section [Startup] File [../../../Engine/Config/ConsoleVariables.ini]
[2021.03.16-00.58.30:657][  0]LogConfig: Setting CVar [[net.UseAdaptiveNetUpdateFrequency:0]]
[2021.03.16-00.58.30:657][  0]LogConfig: Setting CVar [[p.chaos.AllowCreatePhysxBodies:1]]
[2021.03.16-00.58.30:657][  0]LogConfig: Setting CVar [[fx.SkipVectorVMBackendOptimizations:1]]
[2021.03.16-00.58.30:657][  0]LogConfig: Applying CVar settings from Section [ConsoleVariables] File [C:/Users/Jack Crespo/Desktop/HRI WORKING/Saved/Config/Windows/Engine.ini]
[2021.03.16-00.58.30:657][  0]LogInit: Computer: DESKTOP-TOAIOD7
[2021.03.16-00.58.30:657][  0]LogInit: User: JackCrespo
[2021.03.16-00.58.30:657][  0]LogInit: CPU Page size=4096, Cores=8
[2021.03.16-00.58.30:657][  0]LogInit: High frequency timer resolution =10.000000 MHz
[2021.03.16-00.58.30:657][  0]LogMemory: Memory total: Physical=32.0GB (32GB approx)
[2021.03.16-00.58.30:657][  0]LogMemory: Platform Memory Stats for Windows
[2021.03.16-00.58.30:657][  0]LogMemory: Process Physical Memory: 116.31 MB used, 116.32 MB peak
[2021.03.16-00.58.30:657][  0]LogMemory: Process Virtual Memory: 105.91 MB used, 105.91 MB peak
[2021.03.16-00.58.30:657][  0]LogMemory: Physical Memory: 8733.57 MB used,  23983.62 MB free, 32717.18 MB total
[2021.03.16-00.58.30:657][  0]LogMemory: Virtual Memory: 5180.38 MB used,  134212544.00 MB free, 134217728.00 MB total
[2021.03.16-00.58.30:661][  0]LogWindows: WindowsPlatformFeatures enabled
[2021.03.16-00.58.30:691][  0]LogInit: Physics initialised using underlying interface: PhysX
[2021.03.16-00.58.30:692][  0]LogInit: Using OS detected language (en-US).
[2021.03.16-00.58.30:692][  0]LogInit: Using OS detected locale (en-US).
[2021.03.16-00.58.30:694][  0]LogTextLocalizationManager: No specific localization for 'en-US' exists, so the 'en' localization will be used.
[2021.03.16-00.58.30:821][  0]LogInit: Setting process to per monitor DPI aware
[2021.03.16-00.58.30:844][  0]LogSlate: New Slate User Created.  User Index 0, Is Virtual User: 0
[2021.03.16-00.58.30:845][  0]LogSlate: Slate User Registered.  User Index 0, Is Virtual User: 0
[2021.03.16-00.58.30:946][  0]LogHMD: Failed to initialize OpenVR with code 110
[2021.03.16-00.58.30:946][  0]LogD3D11RHI: D3D11 min allowed feature level: 11_0
[2021.03.16-00.58.30:946][  0]LogD3D11RHI: D3D11 max allowed feature level: 11_0
[2021.03.16-00.58.30:946][  0]LogD3D11RHI: D3D11 adapters:
[2021.03.16-00.58.31:023][  0]LogD3D11RHI:    0. 'NVIDIA GeForce RTX 2060' (Feature Level 11_0)
[2021.03.16-00.58.31:023][  0]LogD3D11RHI:       5967/0/16358 MB DedicatedVideo/DedicatedSystem/SharedSystem, Outputs:1, VendorId:0x10de
[2021.03.16-00.58.31:025][  0]LogD3D11RHI:    1. 'Microsoft Basic Render Driver' (Feature Level 11_0)
[2021.03.16-00.58.31:025][  0]LogD3D11RHI:       0/0/16358 MB DedicatedVideo/DedicatedSystem/SharedSystem, Outputs:0, VendorId:0x1414
[2021.03.16-00.58.31:025][  0]LogD3D11RHI: Chosen D3D11 Adapter: 0
[2021.03.16-00.58.31:031][  0]LogD3D11RHI: Creating new Direct3DDevice
[2021.03.16-00.58.31:031][  0]LogD3D11RHI:     GPU DeviceId: 0x1e89 (for the marketing name, search the web for "GPU Device Id")
[2021.03.16-00.58.31:031][  0]LogWindows: EnumDisplayDevices:
[2021.03.16-00.58.31:031][  0]LogWindows:    0. 'NVIDIA GeForce RTX 2060' (P:1 D:1)
[2021.03.16-00.58.31:031][  0]LogWindows:    1. 'NVIDIA GeForce RTX 2060' (P:0 D:0)
[2021.03.16-00.58.31:031][  0]LogWindows:    2. 'NVIDIA GeForce RTX 2060' (P:0 D:0)
[2021.03.16-00.58.31:031][  0]LogWindows:    3. 'NVIDIA GeForce RTX 2060' (P:0 D:0)
[2021.03.16-00.58.31:031][  0]LogWindows: DebugString: FoundDriverCount:4 
[2021.03.16-00.58.31:031][  0]LogD3D11RHI:     Adapter Name: NVIDIA GeForce RTX 2060
[2021.03.16-00.58.31:031][  0]LogD3D11RHI:   Driver Version: 457.51 (internal:27.21.14.5751, unified:457.51)
[2021.03.16-00.58.31:031][  0]LogD3D11RHI:      Driver Date: 11-22-2020
[2021.03.16-00.58.31:031][  0]LogRHI: Texture pool is 4176 MB (70% of 5967 MB)
[2021.03.16-00.58.31:086][  0]LogD3D11RHI: RHI has support for 64 bit atomics
[2021.03.16-00.58.31:087][  0]LogD3D11RHI: Async texture creation enabled
[2021.03.16-00.58.31:087][  0]LogD3D11RHI: Array index from any shader is supported
[2021.03.16-00.58.31:098][  0]LogD3D11RHI: GPU Timing Frequency: 1000.000000 (Debug: 2 1)
[2021.03.16-00.58.31:288][  0]LogTargetPlatformManager: Display: Loaded TargetPlatform 'AllDesktop'
[2021.03.16-00.58.31:306][  0]LogTargetPlatformManager: Display: Loaded TargetPlatform 'Android'
[2021.03.16-00.58.31:306][  0]LogTargetPlatformManager: Display: Loaded TargetPlatform 'Android_ASTC'
[2021.03.16-00.58.31:306][  0]LogTargetPlatformManager: Display: Loaded TargetPlatform 'Android_DXT'
[2021.03.16-00.58.31:306][  0]LogTargetPlatformManager: Display: Loaded TargetPlatform 'Android_ETC2'
[2021.03.16-00.58.31:306][  0]LogTargetPlatformManager: Display: Loaded TargetPlatform 'AndroidClient'
[2021.03.16-00.58.31:306][  0]LogTargetPlatformManager: Display: Loaded TargetPlatform 'Android_ASTCClient'
[2021.03.16-00.58.31:306][  0]LogTargetPlatformManager: Display: Loaded TargetPlatform 'Android_DXTClient'
[2021.03.16-00.58.31:306][  0]LogTargetPlatformManager: Display: Loaded TargetPlatform 'Android_ETC2Client'
[2021.03.16-00.58.31:306][  0]LogTargetPlatformManager: Display: Loaded TargetPlatform 'Android_Multi'
[2021.03.16-00.58.31:306][  0]LogTargetPlatformManager: Display: Loaded TargetPlatform 'Android_MultiClient'
[2021.03.16-00.58.31:324][  0]LogTargetPlatformManager: Display: Loaded TargetPlatform 'IOSClient'
[2021.03.16-00.58.31:324][  0]LogTargetPlatformManager: Display: Loaded TargetPlatform 'IOS'
[2021.03.16-00.58.31:333][  0]LogTargetPlatformManager: Display: Loaded TargetPlatform 'Linux'
[2021.03.16-00.58.31:340][  0]LogTargetPlatformManager: Display: Loaded TargetPlatform 'LinuxNoEditor'
[2021.03.16-00.58.31:347][  0]LogTargetPlatformManager: Display: Loaded TargetPlatform 'LinuxClient'
[2021.03.16-00.58.31:354][  0]LogTargetPlatformManager: Display: Loaded TargetPlatform 'LinuxServer'
[2021.03.16-00.58.31:362][  0]LogTargetPlatformManager: Display: Loaded TargetPlatform 'LinuxAArch64NoEditor'
[2021.03.16-00.58.31:369][  0]LogTargetPlatformManager: Display: Loaded TargetPlatform 'LinuxAArch64Client'
[2021.03.16-00.58.31:376][  0]LogTargetPlatformManager: Display: Loaded TargetPlatform 'LinuxAArch64Server'
[2021.03.16-00.58.31:400][  0]LogTargetPlatformManager: Display: Loaded TargetPlatform 'Lumin'
[2021.03.16-00.58.31:400][  0]LogTargetPlatformManager: Display: Loaded TargetPlatform 'LuminClient'
[2021.03.16-00.58.31:413][  0]LogTargetPlatformManager: Display: Loaded TargetPlatform 'TVOSClient'
[2021.03.16-00.58.31:413][  0]LogTargetPlatformManager: Display: Loaded TargetPlatform 'TVOS'
[2021.03.16-00.58.31:420][  0]LogTargetPlatformManager: Display: Loaded TargetPlatform 'WindowsNoEditor'
[2021.03.16-00.58.31:428][  0]LogTargetPlatformManager: Display: Loaded TargetPlatform 'Windows'
[2021.03.16-00.58.31:435][  0]LogTargetPlatformManager: Display: Loaded TargetPlatform 'WindowsClient'
[2021.03.16-00.58.31:443][  0]LogTargetPlatformManager: Display: Loaded TargetPlatform 'WindowsServer'
[2021.03.16-00.58.31:443][  0]LogTargetPlatformManager: Display: Building Assets For Windows
[2021.03.16-00.58.31:447][  0]LogAudioDebug: Display: Lib vorbis DLL was dynamically loaded.
[2021.03.16-00.58.31:487][  0]LogShaderCompilers: Guid format shader working directory is -3 characters bigger than the processId version (../../../../../../Users/Jack Crespo/Desktop/HRI WORKING/Intermediate/Shaders/WorkingDirectory/7416/).
[2021.03.16-00.58.31:487][  0]LogShaderCompilers: Cleaned the shader compiler working directory 'C:/Users/Jack Crespo/AppData/Local/Temp/UnrealShaderWorkingDir/07F48A09443B0CC0366B28A89867191F/'.
[2021.03.16-00.58.31:488][  0]LogXGEController: Cannot use XGE Controller as Incredibuild is not installed on this machine.
[2021.03.16-00.58.31:488][  0]LogShaderCompilers: Cannot use XGE Shader Compiler as Incredibuild is not installed on this machine.
[2021.03.16-00.58.31:488][  0]LogShaderCompilers: Display: Using Local Shader Compiler.
[2021.03.16-00.58.32:140][  0]LogDerivedDataCache: Display: Max Cache Size: 512 MB
[2021.03.16-00.58.32:175][  0]LogDerivedDataCache: Loaded boot cache 0.03s 75MB C:/Users/Jack Crespo/AppData/Local/UnrealEngine/4.25/DerivedDataCache/Boot.ddc.
[2021.03.16-00.58.32:175][  0]LogDerivedDataCache: Display: Loaded Boot cache: C:/Users/Jack Crespo/AppData/Local/UnrealEngine/4.25/DerivedDataCache/Boot.ddc
[2021.03.16-00.58.32:175][  0]LogDerivedDataCache: FDerivedDataBackendGraph:  Pak pak cache file ../../../../../../Users/Jack Crespo/Desktop/HRI WORKING/DerivedDataCache/DDC.ddp not found, will not use a pak cache.
[2021.03.16-00.58.32:175][  0]LogDerivedDataCache: Unable to find inner node Pak for hierarchical cache Hierarchy.
[2021.03.16-00.58.32:175][  0]LogDerivedDataCache: FDerivedDataBackendGraph:  CompressedPak pak cache file ../../../../../../Users/Jack Crespo/Desktop/HRI WORKING/DerivedDataCache/Compressed.ddp not found, will not use a pak cache.
[2021.03.16-00.58.32:175][  0]LogDerivedDataCache: Unable to find inner node CompressedPak for hierarchical cache Hierarchy.
[2021.03.16-00.58.32:184][  0]LogDerivedDataCache: Display: Pak cache opened for reading ../../../Engine/DerivedDataCache/Compressed.ddp.
[2021.03.16-00.58.32:184][  0]LogDerivedDataCache: FDerivedDataBackendGraph:  EnterprisePak pak cache file ../../../Enterprise/DerivedDataCache/Compressed.ddp not found, will not use a pak cache.
[2021.03.16-00.58.32:184][  0]LogDerivedDataCache: Unable to find inner node EnterprisePak for hierarchical cache Hierarchy.
[2021.03.16-00.58.32:185][  0]LogDerivedDataCache: Using Local data cache path C:/Users/Jack Crespo/AppData/Local/UnrealEngine/Common/DerivedDataCache: Writable
[2021.03.16-00.58.32:185][  0]LogDerivedDataCache: Shared data cache path not found in *engine.ini, will not use an Shared cache.
[2021.03.16-00.58.32:185][  0]LogDerivedDataCache: Unable to find inner node Shared for hierarchical cache Hierarchy.
[2021.03.16-00.58.32:225][  0]LogSlate: Using FreeType 2.10.0
[2021.03.16-00.58.32:225][  0]LogSlate: SlateFontServices - WITH_FREETYPE: 1, WITH_HARFBUZZ: 1
[2021.03.16-00.58.32:242][  0]LogAssetRegistry: FAssetRegistry took 0.0023 seconds to start up
[2021.03.16-00.58.32:426][  0]LogInit: Selected Device Profile: [Windows]
[2021.03.16-00.58.32:511][  0]LogMeshReduction: Using QuadricMeshReduction for automatic static mesh reduction
[2021.03.16-00.58.32:511][  0]LogMeshReduction: Using SimplygonMeshReduction for automatic skeletal mesh reduction
[2021.03.16-00.58.32:511][  0]LogMeshReduction: Using ProxyLODMeshReduction for automatic mesh merging
[2021.03.16-00.58.32:511][  0]LogMeshReduction: No distributed automatic mesh merging module available
[2021.03.16-00.58.32:511][  0]LogMeshMerging: No distributed automatic mesh merging module available
[2021.03.16-00.58.32:522][  0]LogNetVersion: HRI_SIM 1.0.0, NetCL: 13144385, EngineNetVer: 14, GameNetVer: 0 (Checksum: 2522002903)
[2021.03.16-00.58.32:836][  0]LogAISub: UAISubsystem::UAISubsystem AISubsystem (0000019CAB4F4340), frame # 0
[2021.03.16-00.58.32:836][  0]LogAISub: UAISubsystem::UAISubsystem AIPerceptionSystem (0000019CAB480400), frame # 0
[2021.03.16-00.58.32:837][  0]LogAISub: UAISubsystem::UAISubsystem EnvQueryManager (0000019CAB4B8800), frame # 0
[2021.03.16-00.58.32:875][  0]LogPackageLocalizationCache: Processed 19 localized package path(s) for 1 prioritized culture(s) in 0.032823 seconds
[2021.03.16-00.58.32:879][  0]LogUObjectArray: 15917 objects as part of root set at end of initial load.
[2021.03.16-00.58.32:879][  0]LogUObjectAllocator: 3965568 out of 0 bytes used by permanent object pool.
[2021.03.16-00.58.32:879][  0]LogUObjectArray: CloseDisregardForGC: 0/0 objects in disregard for GC pool
[2021.03.16-00.58.32:957][  0]LogWindowsMoviePlayer: Could not load mf.dll. Library not found.
[2021.03.16-00.58.32:957][  0]LogWindowsMoviePlayer: Could not load mfplat.dll. Library not found.
[2021.03.16-00.58.32:957][  0]LogWindowsMoviePlayer: Could not load mfplay.dll. Library not found.
[2021.03.16-00.58.33:110][  0]LogTcpMessaging: Initializing TcpMessaging bridge
[2021.03.16-00.58.33:112][  0]LogUdpMessaging: Initializing bridge on interface 0.0.0.0:0 to multicast group 230.0.0.1:6666.
[2021.03.16-00.58.33:169][  0]SourceControl: Source control is disabled
[2021.03.16-00.58.33:169][  0]SourceControl: Source control is disabled
[2021.03.16-00.58.33:171][  0]SourceControl: Source control is disabled
[2021.03.16-00.58.33:173][  0]SourceControl: Source control is disabled
[2021.03.16-00.58.33:177][  0]SourceControl: Source control is disabled
[2021.03.16-00.58.33:342][  0]LogAndroidPermission: UAndroidPermissionCallbackProxy::GetInstance
[2021.03.16-00.58.33:355][  0]LogAudioCaptureCore: Display: No Audio Capture implementations found. Audio input will be silent.
[2021.03.16-00.58.33:355][  0]LogAudioCaptureCore: Display: No Audio Capture implementations found. Audio input will be silent.
[2021.03.16-00.58.33:394][  0]LogOcInput: OculusInput pre-init called
[2021.03.16-00.58.33:401][  0]LogWindows: Failed to load 'OVRPlugin.dll' (GetLastError=126)
[2021.03.16-00.58.33:401][  0]LogWindows: File 'OVRPlugin.dll' does not exist
[2021.03.16-00.58.33:450][  0]LogEngine: Initializing Engine...
[2021.03.16-00.58.33:451][  0]LogHMD: Failed to initialize OpenVR with code 110
[2021.03.16-00.58.33:451][  0]LogMagicLeap: Warning: VR disabled because ZI is not enabled.  To enable, in the editor, Edit -> Project Settings -> Plugins -> Magic Leap Plugin -> Enable Zero Iteration
[2021.03.16-00.58.33:451][  0]LogStats: UGameplayTagsManager::InitializeManager -  0.000 s
[2021.03.16-00.58.33:533][  0]LogInit: Initializing FReadOnlyCVARCache
[2021.03.16-00.58.33:538][  0]LogAIModule: Creating AISystem for world Untitled
[2021.03.16-00.58.33:539][  0]LogAISub: UAISubsystem::UAISubsystem EnvQueryManager (0000019CB1C5BC00), frame # 0
[2021.03.16-00.58.33:539][  0]LogAISub: UAISubsystem::UAISubsystem AIPerceptionSystem (0000019CB1C57B00), frame # 0
[2021.03.16-00.58.33:547][  0]LogAudioMixer: Display: Audio Mixer Platform Settings:
[2021.03.16-00.58.33:547][  0]LogAudioMixer: Display: 	Sample Rate:						  48000
[2021.03.16-00.58.33:547][  0]LogAudioMixer: Display: 	Callback Buffer Frame Size Requested: 1024
[2021.03.16-00.58.33:547][  0]LogAudioMixer: Display: 	Callback Buffer Frame Size To Use:	  1024
[2021.03.16-00.58.33:547][  0]LogAudioMixer: Display: 	Number of buffers to queue:			  2
[2021.03.16-00.58.33:547][  0]LogAudioMixer: Display: 	Max Channels (voices):				  32
[2021.03.16-00.58.33:547][  0]LogAudioMixer: Display: 	Number of Async Source Workers:		  0
[2021.03.16-00.58.33:547][  0]LogAudio: Display: AudioDevice MaxSources: 32
[2021.03.16-00.58.33:547][  0]LogAudio: Display: Using built-in audio occlusion.
[2021.03.16-00.58.33:547][  0]LogAudioMixer: Display: Initializing audio mixer.
[2021.03.16-00.58.33:555][  0]LogAudioMixer: Display: 0: FrontLeft
[2021.03.16-00.58.33:555][  0]LogAudioMixer: Display: 1: FrontRight
[2021.03.16-00.58.33:596][  0]LogAudioMixer: Display: Using Audio Device Speakers (Realtek(R) Audio)
[2021.03.16-00.58.33:598][  0]LogAudioMixer: Display: Initializing Sound Submixes...
[2021.03.16-00.58.33:600][  0]LogAudioMixer: Display: Creating Master Submix 'MasterSubmixDefault'
[2021.03.16-00.58.33:600][  0]LogAudioMixer: Display: Creating Master Submix 'MasterReverbSubmixDefault'
[2021.03.16-00.58.33:600][  0]LogAudioMixer: Display: Creating Master Submix 'MasterEQSubmixDefault'
[2021.03.16-00.58.33:601][  0]LogInit: FAudioDevice initialized.
[2021.03.16-00.58.33:601][  0]LogNetVersion: Set ProjectVersion to 1.0.0.0. Version Checksum will be recalculated on next use.
[2021.03.16-00.58.33:721][  0]LogDerivedDataCache: Saved boot cache 0.12s 75MB C:/Users/Jack Crespo/AppData/Local/UnrealEngine/4.25/DerivedDataCache/Boot.ddc.
[2021.03.16-00.58.33:725][  0]LogInit: Texture streaming: Enabled
[2021.03.16-00.58.33:735][  0]LogEngineSessionManager: EngineSessionManager initialized
[2021.03.16-00.58.33:735][  0]LogEditorSessionSummary: Verbose: Initializing EditorSessionSummaryWriter for editor session tracking
[2021.03.16-00.58.33:736][  0]LogEditorSessionSummary: EditorSessionSummaryWriter initialized
[2021.03.16-00.58.33:776][  0]LogInit: Transaction tracking system initialized
[2021.03.16-00.58.33:790][  0]BlueprintLog: New page: Editor Load
[2021.03.16-00.58.33:834][  0]LocalizationService: Localization service is disabled
[2021.03.16-00.58.33:935][  0]LogCook: Display: Max memory allowance for cook 16384mb min free memory 0mb
[2021.03.16-00.58.33:935][  0]LogCook: Display: Mobile HDR setting 1
[2021.03.16-00.58.34:014][  0]LogFileCache: Scanning file cache for directory 'C:/Users/Jack Crespo/Desktop/HRI WORKING/Content/' took 0.00s
[2021.03.16-00.58.34:134][  0]SourceControl: Source control is disabled
[2021.03.16-00.58.34:134][  0]LogUnrealEdMisc: Loading editor; pre map load, took 4.618
[2021.03.16-00.58.34:134][  0]Cmd: MAP LOAD FILE="../../../../../../Users/Jack Crespo/Desktop/HRI WORKING/Content/StarterContent/Maps/Minimal_Default.umap" TEMPLATE=0 SHOWPROGRESS=1 FEATURELEVEL=3
[2021.03.16-00.58.34:134][  0]LightingResults: New page: Lighting Build
[2021.03.16-00.58.34:135][  0]LogWorld: UWorld::CleanupWorld for Untitled, bSessionEnded=true, bCleanupResources=true
[2021.03.16-00.58.34:135][  0]LogSlate: InvalidateAllWidgets triggered.  All widgets were invalidated
[2021.03.16-00.58.34:135][  0]MapCheck: New page: Map Check
[2021.03.16-00.58.34:135][  0]LightingResults: New page: Lighting Build
[2021.03.16-00.58.34:162][  0]LogAISub: UAISubsystem::~UAISubsystem EnvQueryManager (0000019CB1C5BC00), frame # 0
[2021.03.16-00.58.34:162][  0]LogAISub: UAISubsystem::~UAISubsystem AIPerceptionSystem (0000019CB1C57B00), frame # 0
[2021.03.16-00.58.34:163][  0]LogUObjectHash: Compacting FUObjectHashTables data took   0.62ms
[2021.03.16-00.58.34:488][  0]LogAIModule: Creating AISystem for world Minimal_Default
[2021.03.16-00.58.34:489][  0]LogAISub: UAISubsystem::UAISubsystem EnvQueryManager (0000019C9F4F0600), frame # 0
[2021.03.16-00.58.34:489][  0]LogAISub: UAISubsystem::UAISubsystem AIPerceptionSystem (0000019C9F58DE40), frame # 0
[2021.03.16-00.58.34:499][  0]LogEditorServer: Finished looking for orphan Actors (0.000 secs)
[2021.03.16-00.58.34:515][  0]LogUObjectHash: Compacting FUObjectHashTables data took   0.85ms
[2021.03.16-00.58.34:515][  0]Cmd: MAP CHECKDEP NOCLEARLOG
[2021.03.16-00.58.34:516][  0]MapCheck: Map check complete: 0 Error(s), 0 Warning(s), took 0.146ms to complete.
[2021.03.16-00.58.34:516][  0]LogFileHelpers: Loading map 'Minimal_Default' took 0.381
[2021.03.16-00.58.34:517][  0]LogUnrealEdMisc: Total Editor Startup Time, took 5.001
[2021.03.16-00.58.34:634][  0]LogSlate: Updating window title bar state: overlay mode, drag disabled, window buttons hidden, title bar hidden
[2021.03.16-00.58.34:639][  0]LogSlate: Updating window title bar state: overlay mode, drag disabled, window buttons hidden, title bar hidden
[2021.03.16-00.58.34:644][  0]LogSlate: Updating window title bar state: overlay mode, drag disabled, window buttons hidden, title bar hidden
[2021.03.16-00.58.34:649][  0]LogSlate: Updating window title bar state: overlay mode, drag disabled, window buttons hidden, title bar hidden
[2021.03.16-00.58.34:654][  0]LogCollectionManager: Loaded 0 collections in 0.001481 seconds
[2021.03.16-00.58.34:666][  0]LogFileCache: Scanning file cache for directory 'C:/Users/Jack Crespo/Desktop/HRI WORKING/Saved/Collections/' took 0.00s
[2021.03.16-00.58.34:666][  0]LogFileCache: Scanning file cache for directory 'C:/Users/Jack Crespo/Desktop/HRI WORKING/Content/Developers/JackCrespo/Collections/' took 0.00s
[2021.03.16-00.58.34:666][  0]LogFileCache: Scanning file cache for directory 'C:/Users/Jack Crespo/Desktop/HRI WORKING/Content/Collections/' took 0.00s
[2021.03.16-00.58.34:666][  0]LogContentBrowser: Native class hierarchy populated in 0.0083 seconds. Added 3428 classes and 823 folders.
[2021.03.16-00.58.34:668][  0]LogContentBrowser: Native class hierarchy updated for 'WidgetCarousel' in 0.0002 seconds. Added 0 classes and 0 folders.
[2021.03.16-00.58.34:710][  0]LogContentBrowser: Native class hierarchy updated for 'AddContentDialog' in 0.0003 seconds. Added 0 classes and 0 folders.
[2021.03.16-00.58.34:711][  0]LogContentBrowser: Native class hierarchy updated for 'SceneOutliner' in 0.0002 seconds. Added 2 classes and 0 folders.
[2021.03.16-00.58.34:805][  0]LogSlate: Took 0.000135 seconds to synchronously load lazily loaded font '../../../Engine/Content/Slate/Fonts/Roboto-Regular.ttf' (155K)
[2021.03.16-00.58.34:806][  0]LogSlate: Took 0.000075 seconds to synchronously load lazily loaded font '../../../Engine/Content/Slate/Fonts/Roboto-Bold.ttf' (160K)
[2021.03.16-00.58.34:810][  0]LogSlate: Took 0.000110 seconds to synchronously load lazily loaded font '../../../Engine/Content/Editor/Slate/Fonts/FontAwesome.ttf' (139K)
[2021.03.16-00.58.34:854][  0]LogRenderer: Reallocating scene render targets to support 256x256 Format 10 NumSamples 1 (Frame:1).
[2021.03.16-00.58.34:880][  0]LogRenderer: Reallocating scene render targets to support 1256x600 Format 10 NumSamples 1 (Frame:1).
[2021.03.16-00.58.34:985][  0]LogContentBrowser: Native class hierarchy updated for 'HierarchicalLODOutliner' in 0.0003 seconds. Added 0 classes and 0 folders.
[2021.03.16-00.58.34:985][  0]LogLoad: (Engine Initialization) Total time: 5.47 seconds
[2021.03.16-00.58.34:985][  0]LogLoad: (Engine Initialization) Total Blueprint compile time: 0.00 seconds
[2021.03.16-00.58.35:018][  0]LogAssetRegistry: Asset discovery search completed in 2.7772 seconds
[2021.03.16-00.58.35:021][  0]LogCollectionManager: Fixed up redirectors for 0 collections in 0.000002 seconds (updated 0 objects)
[2021.03.16-00.58.35:023][  0]LogContentStreaming: Texture pool size now 1000 MB
[2021.03.16-00.58.35:121][  0]LogSlate: Took 0.000361 seconds to synchronously load lazily loaded font '../../../Engine/Content/Slate/Fonts/Roboto-Light.ttf' (167K)
[2021.03.16-00.58.36:010][ 98]LogSlate: Took 0.000151 seconds to synchronously load lazily loaded font '../../../Engine/Content/Slate/Fonts/Roboto-Light.ttf' (167K)
[2021.03.16-00.58.46:162][225]LogAssetEditorSubsystem: Opening Asset editor for WidgetBlueprint /Game/Blue/RoomPopUps/RoomEndInputs.RoomEndInputs
[2021.03.16-00.58.46:282][225]LogContentBrowser: Native class hierarchy updated for 'BlueprintGraph' in 0.0005 seconds. Added 125 classes and 0 folders.
[2021.03.16-00.58.47:207][225]LogSlate: Took 0.000148 seconds to synchronously load lazily loaded font '../../../Engine/Content/Slate/Fonts/Roboto-BoldCondensed.ttf' (158K)
[2021.03.16-00.59.12:740][135]BlueprintLog: New page: Compile RoomEndInputs
[2021.03.16-00.59.12:792][135]LogUObjectHash: Compacting FUObjectHashTables data took   3.33ms
[2021.03.16-00.59.12:853][135]LogSlate: Took 0.000189 seconds to synchronously load lazily loaded font '../../../Engine/Content/Slate/Fonts/DroidSansMono.ttf' (77K)
[2021.03.16-00.59.49:239][440]LogSlate: Took 0.000202 seconds to synchronously load lazily loaded font '../../../Engine/Content/Slate/Fonts/Roboto-Italic.ttf' (157K)
[2021.03.16-01.00.30:504][243]BlueprintLog: New page: Compile RoomEndInputs
[2021.03.16-01.00.30:538][243]LogUObjectHash: Compacting FUObjectHashTables data took   3.11ms
[2021.03.16-01.00.41:181][473]LogSlate: Window 'Color Picker' being destroyed
[2021.03.16-01.00.42:372][604]BlueprintLog: New page: Compile RoomEndInputs
[2021.03.16-01.00.42:405][604]LogUObjectHash: Compacting FUObjectHashTables data took   3.93ms
[2021.03.16-01.00.42:927][655]Cmd: OBJ SAVEPACKAGE PACKAGE="/Game/Blue/RoomPopUps/RoomEndInputs" FILE="../../../../../../Users/Jack Crespo/Desktop/HRI WORKING/Content/Blue/RoomPopUps/RoomEndInputs.uasset" SILENT=true
[2021.03.16-01.00.42:970][655]LogSavePackage: Moving '../../../../../../Users/Jack Crespo/Desktop/HRI WORKING/Saved/RoomEndInputs48370A87432B3E65B820CEB8B48A86EB.tmp' to '../../../../../../Users/Jack Crespo/Desktop/HRI WORKING/Content/Blue/RoomPopUps/RoomEndInputs.uasset'
[2021.03.16-01.00.42:983][655]AssetCheck: New page: Asset Save: RoomEndInputs
[2021.03.16-01.00.42:983][655]LogContentValidation: Display: Validating WidgetBlueprint /Game/Blue/RoomPopUps/RoomEndInputs.RoomEndInputs
[2021.03.16-01.00.43:526][717]Cmd: OBJ SAVEPACKAGE PACKAGE="/Game/Blue/RoomPopUps/RoomEndInputs" FILE="../../../../../../Users/Jack Crespo/Desktop/HRI WORKING/Content/Blue/RoomPopUps/RoomEndInputs.uasset" SILENT=true
[2021.03.16-01.00.43:564][717]LogSavePackage: Moving '../../../../../../Users/Jack Crespo/Desktop/HRI WORKING/Saved/RoomEndInputs66CC661A430B68BE4BC0258011A65834.tmp' to '../../../../../../Users/Jack Crespo/Desktop/HRI WORKING/Content/Blue/RoomPopUps/RoomEndInputs.uasset'
[2021.03.16-01.00.43:574][717]AssetCheck: New page: Asset Save: RoomEndInputs
[2021.03.16-01.00.43:574][717]LogContentValidation: Display: Validating WidgetBlueprint /Game/Blue/RoomPopUps/RoomEndInputs.RoomEndInputs
[2021.03.16-01.00.45:601][945]LogWorld: UWorld::CleanupWorld for World_1, bSessionEnded=true, bCleanupResources=true
[2021.03.16-01.00.45:601][945]LogSlate: InvalidateAllWidgets triggered.  All widgets were invalidated
[2021.03.16-01.00.45:618][945]LogWorld: UWorld::CleanupWorld for World_0, bSessionEnded=true, bCleanupResources=true
[2021.03.16-01.00.45:618][945]LogSlate: InvalidateAllWidgets triggered.  All widgets were invalidated
[2021.03.16-01.00.47:188][103]LogTemp: Repeating last play command: Selected Viewport
[2021.03.16-01.00.47:203][103]LogPlayLevel: PlayLevel: No blueprints needed recompiling
[2021.03.16-01.00.47:203][103]PIE: New page: PIE session: Minimal_Default (Mar 15, 2021, 5:00:47 PM)
[2021.03.16-01.00.47:204][103]LogOnline: OSS: Creating online subsystem instance for: NULL
[2021.03.16-01.00.47:205][103]LogOnline: OSS: TryLoadSubsystemAndSetDefault: Loaded subsystem for module [NULL]
[2021.03.16-01.00.47:205][103]LogPlayLevel: Creating play world package: /Game/StarterContent/Maps/UEDPIE_0_Minimal_Default
[2021.03.16-01.00.47:217][103]LogPlayLevel: PIE: StaticDuplicateObject took: (0.012612s)
[2021.03.16-01.00.47:218][103]LogAIModule: Creating AISystem for world Minimal_Default
[2021.03.16-01.00.47:218][103]LogAISub: UAISubsystem::UAISubsystem EnvQueryManager (0000019D0E06AA00), frame # 15103
[2021.03.16-01.00.47:218][103]LogAISub: UAISubsystem::UAISubsystem AIPerceptionSystem (0000019D09C34680), frame # 15103
[2021.03.16-01.00.47:218][103]LogPlayLevel: PIE: World Init took: (0.000814s)
[2021.03.16-01.00.47:218][103]LogPlayLevel: PIE: Created PIE world by copying editor world from /Game/StarterContent/Maps/Minimal_Default.Minimal_Default to /Game/StarterContent/Maps/UEDPIE_0_Minimal_Default.Minimal_Default (0.013537s)
[2021.03.16-01.00.47:255][103]LogUObjectHash: Compacting FUObjectHashTables data took   2.75ms
[2021.03.16-01.00.47:256][103]LogAudioMixer: Display: Audio Mixer Platform Settings:
[2021.03.16-01.00.47:256][103]LogAudioMixer: Display: 	Sample Rate:						  48000
[2021.03.16-01.00.47:256][103]LogAudioMixer: Display: 	Callback Buffer Frame Size Requested: 1024
[2021.03.16-01.00.47:256][103]LogAudioMixer: Display: 	Callback Buffer Frame Size To Use:	  1024
[2021.03.16-01.00.47:256][103]LogAudioMixer: Display: 	Number of buffers to queue:			  2
[2021.03.16-01.00.47:256][103]LogAudioMixer: Display: 	Max Channels (voices):				  32
[2021.03.16-01.00.47:256][103]LogAudioMixer: Display: 	Number of Async Source Workers:		  0
[2021.03.16-01.00.47:256][103]LogAudio: Display: AudioDevice MaxSources: 32
[2021.03.16-01.00.47:257][103]LogAudio: Display: Using built-in audio occlusion.
[2021.03.16-01.00.47:257][103]LogAudioMixer: Display: Initializing audio mixer.
[2021.03.16-01.00.47:259][103]LogAudioMixer: Display: 0: FrontLeft
[2021.03.16-01.00.47:259][103]LogAudioMixer: Display: 1: FrontRight
[2021.03.16-01.00.47:275][103]LogAudioMixer: Display: Using Audio Device Speakers (Realtek(R) Audio)
[2021.03.16-01.00.47:275][103]LogAudioMixer: Display: Initializing Sound Submixes...
[2021.03.16-01.00.47:275][103]LogAudioMixer: Display: Creating Master Submix 'MasterSubmixDefault'
[2021.03.16-01.00.47:275][103]LogAudioMixer: Display: Creating Master Submix 'MasterReverbSubmixDefault'
[2021.03.16-01.00.47:275][103]LogAudioMixer: Display: Creating Master Submix 'MasterEQSubmixDefault'
[2021.03.16-01.00.47:285][103]LogInit: FAudioDevice initialized.
[2021.03.16-01.00.47:289][103]LogLoad: Game class is 'GameMode'
[2021.03.16-01.00.47:291][103]LogWorld: Bringing World /Game/StarterContent/Maps/UEDPIE_0_Minimal_Default.Minimal_Default up for play (max tick rate 0) at 2021.03.15-21.00.47
[2021.03.16-01.00.47:291][103]LogWorld: Bringing up level for play took: 0.001925
[2021.03.16-01.00.47:291][103]LogOnline: OSS: Creating online subsystem instance for: :Context_3
[2021.03.16-01.00.47:301][103]LogContentBrowser: Native class hierarchy updated for 'MovieSceneCapture' in 0.0004 seconds. Added 20 classes and 0 folders.
[2021.03.16-01.00.47:301][103]LogGameMode: Display: Match State Changed from EnteringMap to WaitingToStart
[2021.03.16-01.00.47:301][103]LogGameState: Match State Changed from EnteringMap to WaitingToStart
[2021.03.16-01.00.47:301][103]LogGameMode: Display: Match State Changed from WaitingToStart to InProgress
[2021.03.16-01.00.47:302][103]LogGameState: Match State Changed from WaitingToStart to InProgress
[2021.03.16-01.00.47:302][103]PIE: Server logged in
[2021.03.16-01.00.47:303][103]PIE: Play in editor total start time 0.1 seconds.
[2021.03.16-01.00.58:223][380]LogBlueprintUserMessages: [RoomEndInputs_C_0] 11.025741
[2021.03.16-01.01.01:563][781]LogD3D11RHI: Display: Temp texture streaming buffer not large enough, needed 16777216 bytes
[2021.03.16-01.01.09:626][742]LogSlate: Updating window title bar state: overlay mode, drag disabled, window buttons hidden, title bar hidden
[2021.03.16-01.01.09:626][742]LogWorld: BeginTearingDown for /Game/StarterContent/Maps/UEDPIE_0_Minimal_Default
[2021.03.16-01.01.09:626][742]LogWorld: UWorld::CleanupWorld for Minimal_Default, bSessionEnded=true, bCleanupResources=true
[2021.03.16-01.01.09:626][742]LogSlate: InvalidateAllWidgets triggered.  All widgets were invalidated
[2021.03.16-01.01.09:634][742]LogPlayLevel: Display: Shutting down PIE online subsystems
[2021.03.16-01.01.09:638][742]LogSlate: InvalidateAllWidgets triggered.  All widgets were invalidated
[2021.03.16-01.01.09:654][742]LogSlate: Updating window title bar state: overlay mode, drag disabled, window buttons hidden, title bar hidden
[2021.03.16-01.01.09:701][742]LogAISub: UAISubsystem::~UAISubsystem AIPerceptionSystem (0000019D09C34680), frame # 17742
[2021.03.16-01.01.09:701][742]LogAISub: UAISubsystem::~UAISubsystem EnvQueryManager (0000019D0E06AA00), frame # 17742
[2021.03.16-01.01.09:719][742]LogUObjectHash: Compacting FUObjectHashTables data took   3.93ms
[2021.03.16-01.01.09:749][743]LogPlayLevel: Display: Destroying online subsystem :Context_3
[2021.03.16-01.01.35:640][832]LogUObjectHash: Compacting FUObjectHashTables data took   1.95ms
[2021.03.16-01.01.35:725][832]LogSavePackage: Moving '../../../../../../Users/Jack Crespo/Desktop/HRI WORKING/Saved/Minimal_DefaultE92A8680443C7BC495BEEB856D1B9CF4.tmp' to '../../../../../../Users/Jack Crespo/Desktop/HRI WORKING/Content/StarterContent/Maps/Minimal_Default.umap'
[2021.03.16-01.01.35:979][832]LogSavePackage: Moving '../../../../../../Users/Jack Crespo/Desktop/HRI WORKING/Saved/Minimal_Default_BuiltData5B9D585044DDB3DE7233BD990876DD95.tmp' to '../../../../../../Users/Jack Crespo/Desktop/HRI WORKING/Content/StarterContent/Maps/Minimal_Default_BuiltData.uasset'
[2021.03.16-01.01.35:993][832]AssetCheck: New page: Asset Save: multiple assets
[2021.03.16-01.01.35:993][832]LogContentValidation: Display: Validating World /Game/StarterContent/Maps/Minimal_Default.Minimal_Default
[2021.03.16-01.01.35:993][832]LogContentValidation: Display: Validating MapBuildDataRegistry /Game/StarterContent/Maps/Minimal_Default_BuiltData.Minimal_Default_BuiltData
[2021.03.16-01.03.43:857][474]LogEditorViewport: Clicking on Actor (context menu): StaticMeshActor (Floor4)
[2021.03.16-01.03.51:193][312]LogEditorViewport: Clicking on Actor (LMB): StaticMeshActor (Floor20)
